Determining if the pthread_create exist failed with the following output:
Change Dir: /home/sicong/dso/cmake-build-debug/CMakeFiles/CMakeTmp

Run Build Command:"/usr/bin/make" "cmTC_635ea/fast"
/usr/bin/make -f CMakeFiles/cmTC_635ea.dir/build.make CMakeFiles/cmTC_635ea.dir/build
make[1]: Entering directory `/home/sicong/dso/cmake-build-debug/CMakeFiles/CMakeTmp'
Building C object CMakeFiles/cmTC_635ea.dir/CheckSymbolExists.c.o
/usr/bin/cc     -o CMakeFiles/cmTC_635ea.dir/CheckSymbolExists.c.o   -c /home/sicong/dso/cmake-build-debug/CMakeFiles/CMakeTmp/CheckSymbolExists.c
Linking C executable cmTC_635ea
/home/sicong/clion-2017.1.3/bin/cmake/bin/cmake -E cmake_link_script CMakeFiles/cmTC_635ea.dir/link.txt --verbose=1
/usr/bin/cc       CMakeFiles/cmTC_635ea.dir/CheckSymbolExists.c.o  -o cmTC_635ea -rdynamic 
CMakeFiles/cmTC_635ea.dir/CheckSymbolExists.c.o: In function `main':
CheckSymbolExists.c:(.text+0x16): undefined reference to `pthread_create'
collect2: error: ld returned 1 exit status
make[1]: *** [cmTC_635ea] Error 1
make[1]: Leaving directory `/home/sicong/dso/cmake-build-debug/CMakeFiles/CMakeTmp'
make: *** [cmTC_635ea/fast] Error 2

File /home/sicong/dso/cmake-build-debug/CMakeFiles/CMakeTmp/CheckSymbolExists.c:
/* */
#include <pthread.h>

int main(int argc, char** argv)
{
  (void)argv;
#ifndef pthread_create
  return ((int*)(&pthread_create))[argc];
#else
  (void)argc;
  return 0;
#endif
}

Determining if the function pthread_create exists in the pthreads failed with the following output:
Change Dir: /home/sicong/dso/cmake-build-debug/CMakeFiles/CMakeTmp

Run Build Command:"/usr/bin/make" "cmTC_3fe16/fast"
/usr/bin/make -f CMakeFiles/cmTC_3fe16.dir/build.make CMakeFiles/cmTC_3fe16.dir/build
make[1]: Entering directory `/home/sicong/dso/cmake-build-debug/CMakeFiles/CMakeTmp'
Building C object CMakeFiles/cmTC_3fe16.dir/CheckFunctionExists.c.o
/usr/bin/cc    -DCHECK_FUNCTION_EXISTS=pthread_create   -o CMakeFiles/cmTC_3fe16.dir/CheckFunctionExists.c.o   -c /home/sicong/clion-2017.1.3/bin/cmake/share/cmake-3.7/Modules/CheckFunctionExists.c
Linking C executable cmTC_3fe16
/home/sicong/clion-2017.1.3/bin/cmake/bin/cmake -E cmake_link_script CMakeFiles/cmTC_3fe16.dir/link.txt --verbose=1
/usr/bin/cc   -DCHECK_FUNCTION_EXISTS=pthread_create    CMakeFiles/cmTC_3fe16.dir/CheckFunctionExists.c.o  -o cmTC_3fe16 -rdynamic -lpthreads 
/usr/bin/ld: cannot find -lpthreads
collect2: error: ld returned 1 exit status
make[1]: *** [cmTC_3fe16] Error 1
make[1]: Leaving directory `/home/sicong/dso/cmake-build-debug/CMakeFiles/CMakeTmp'
make: *** [cmTC_3fe16/fast] Error 2


